<?xml version="1.0" encoding="UTF-8"?>
<testng-results ignored="0" total="1" passed="1" failed="0" skipped="0">
  <reporter-output>
  </reporter-output>
  <suite started-at="2022-03-08T20:22:36 IST" name="Default suite" finished-at="2022-03-08T20:22:51 IST" duration-ms="15115">
    <groups>
    </groups>
    <test started-at="2022-03-08T20:22:36 IST" name="Default test" finished-at="2022-03-08T20:22:51 IST" duration-ms="15115">
      <class name="com.selenium.phase5.LoginPage">
        <test-method signature="login()[pri:0, instance:com.selenium.phase5.LoginPage@4944252c]" started-at="2022-03-08T20:22:36 IST" name="login" finished-at="2022-03-08T20:22:51 IST" duration-ms="15020" status="PASS">
          <reporter-output>
          </reporter-output>
        </test-method> <!-- login -->
      </class> <!-- com.selenium.phase5.LoginPage -->
    </test> <!-- Default test -->
  </suite> <!-- Default suite -->
</testng-results>
